<?xml version="1.0" encoding="UTF-8"?>
<!-- Generated by org.testng.reporters.JUnitReportReporter -->
<testsuite hostname="LAPTOP-QTRUP24T" failures="0" tests="1" name="testCases.TC001_LoginTest" time="3.586" errors="0" timestamp="2024-09-14T11:07:38 IST" skipped="0">
  <testcase classname="testCases.TC001_LoginTest" name="Verify_account_registration" time="3.586"/>
  <system-out/>
</testsuite> <!-- testCases.TC001_LoginTest -->
