<?xml version="1.0" encoding="UTF-8"?>
<!-- Generated by org.testng.reporters.JUnitReportReporter -->
<testsuite hostname="LAPTOP-QTRUP24T" failures="0" tests="1" name="testCases.TC002_LoginTest" time="1.480" errors="0" timestamp="2024-09-17T15:31:03 IST" skipped="0">
  <testcase classname="testCases.TC002_LoginTest" name="verify_login" time="1.480"/>
  <system-out/>
</testsuite> <!-- testCases.TC002_LoginTest -->
