<?xml version="1.0" encoding="UTF-8"?>
<!-- Generated by org.testng.reporters.JUnitReportReporter -->
<testsuite hostname="LAPTOP-QTRUP24T" failures="0" tests="1" name="testCases.TC002_LoginTest" time="1.717" errors="0" timestamp="2024-09-17T16:02:19 IST" skipped="0">
  <testcase classname="testCases.TC002_LoginTest" name="verify_login" time="1.717"/>
  <system-out/>
</testsuite> <!-- testCases.TC002_LoginTest -->
